<?xml version="1.0" encoding="UTF-8"?>
<!-- Generated by org.testng.reporters.JUnitReportReporter -->
<testsuite hostname="akilan-18633-GF" failures="0" tests="1" name="APITestAutomation.ReadXMLFileExample1" time="0.061" errors="0" timestamp="2024-04-05T17:36:09 IST" skipped="0">
  <testcase classname="APITestAutomation.ReadXMLFileExample1" name="readingNodeValueUsingJDOM123" time="0.061"/>
</testsuite> <!-- APITestAutomation.ReadXMLFileExample1 -->
