<?xml version="1.0" encoding="UTF-8"?>
<!-- Generated by org.testng.reporters.JUnitReportReporter -->
<testsuite hostname="akilan-18633-GF" failures="0" tests="1" name="APITestAutomation.APITest" time="0.074" errors="0" timestamp="2024-04-05T11:16:02 IST" skipped="0">
  <testcase classname="APITestAutomation.APITest" name="checkBrokenLinkStatusUrl" time="0.074"/>
</testsuite> <!-- APITestAutomation.APITest -->
