<?xml version="1.0" encoding="UTF-8"?>
<!-- Generated by org.testng.reporters.JUnitReportReporter -->
<testsuite hostname="akilan-18633-GF" failures="0" tests="1" name="APITestAutomation.CharConversion" time="0.012" errors="0" timestamp="2024-03-12T17:36:48 IST" skipped="0">
  <testcase classname="APITestAutomation.CharConversion" name="readConnection12257" time="0.012"/>
</testsuite> <!-- APITestAutomation.CharConversion -->
