<?xml version="1.0" encoding="UTF-8"?>
<!-- Generated by org.testng.reporters.JUnitReportReporter -->
<testsuite hostname="akilan-18633-GF" failures="0" tests="1" name="APITestAutomation.ExtentTest" time="0.014" errors="0" timestamp="2024-03-12T18:57:03 IST" skipped="0">
  <testcase classname="APITestAutomation.ExtentTest" name="readDataFromConfigFile" time="0.014"/>
</testsuite> <!-- APITestAutomation.ExtentTest -->
