<?xml version="1.0" encoding="UTF-8"?>
<!-- Generated by org.testng.reporters.JUnitReportReporter -->
<testsuite hostname="akilan-18633-GF" failures="0" tests="1" name="APITestAutomation.URLConnectionTest" time="0.104" errors="0" timestamp="2024-03-14T09:23:03 IST" skipped="0">
  <testcase classname="APITestAutomation.URLConnectionTest" name="isValidURL1" time="0.104"/>
</testsuite> <!-- APITestAutomation.URLConnectionTest -->
